Recuperati 28 messaggi da analizzare
Processo chat: 393348261327@c.us
Recuperati: 27
Cerco messaggio: false_393348261327@c.us_8713B86FA7077B194EE11D7BC64EEB50
Trovato, scarico i media
Cerco messaggio: false_393348261327@c.us_8713B86FA7077B194EE11D7BC64EEB50
Cerco messaggio: false_393348261327@c.us_8713B86FA7077B194EE11D7BC64EEB50
Cerco messaggio: false_393348261327@c.us_8713B86FA7077B194EE11D7BC64EEB50
Cerco messaggio: false_393348261327@c.us_8713B86FA7077B194EE11D7BC64EEB50
Cerco messaggio: false_393348261327@c.us_8713B86FA7077B194EE11D7BC64EEB50
Cerco messaggio: false_393348261327@c.us_8713B86FA7077B194EE11D7BC64EEB50
Cerco messaggio: false_393348261327@c.us_8713B86FA7077B194EE11D7BC64EEB50
Cerco messaggio: false_393348261327@c.us_8713B86FA7077B194EE11D7BC64EEB50
Cerco messaggio: false_393348261327@c.us_8713B86FA7077B194EE11D7BC64EEB50
Cerco messaggio: false_393348261327@c.us_8713B86FA7077B194EE11D7BC64EEB50
Cerco messaggio: false_393348261327@c.us_8713B86FA7077B194EE11D7BC64EEB50
Cerco messaggio: false_393348261327@c.us_8713B86FA7077B194EE11D7BC64EEB50
Cerco messaggio: false_393348261327@c.us_8713B86FA7077B194EE11D7BC64EEB50
Cerco messaggio: false_393348261327@c.us_8713B86FA7077B194EE11D7BC64EEB50
Cerco messaggio: false_393348261327@c.us_8713B86FA7077B194EE11D7BC64EEB50
Cerco messaggio: false_393348261327@c.us_8713B86FA7077B194EE11D7BC64EEB50
Cerco messaggio: false_393348261327@c.us_8713B86FA7077B194EE11D7BC64EEB50
Cerco messaggio: false_393348261327@c.us_8713B86FA7077B194EE11D7BC64EEB50
Cerco messaggio: false_393348261327@c.us_8713B86FA7077B194EE11D7BC64EEB50
Cerco messaggio: false_393348261327@c.us_8713B86FA7077B194EE11D7BC64EEB50
Cerco messaggio: false_393348261327@c.us_8713B86FA7077B194EE11D7BC64EEB50
Cerco messaggio: false_393348261327@c.us_8713B86FA7077B194EE11D7BC64EEB50
Cerco messaggio: false_393348261327@c.us_8713B86FA7077B194EE11D7BC64EEB50
Cerco messaggio: false_393348261327@c.us_8713B86FA7077B194EE11D7BC64EEB50
Cerco messaggio: false_393348261327@c.us_8713B86FA7077B194EE11D7BC64EEB50
Cerco messaggio: false_393348261327@c.us_8713B86FA7077B194EE11D7BC64EEB50
Processo chat: 393348261327@c.us
Recuperati: 27
Cerco messaggio: false_393348261327@c.us_6F5434271A5E225419668E1BBFFEA486
Cerco messaggio: false_393348261327@c.us_6F5434271A5E225419668E1BBFFEA486
Trovato, scarico i media
Cerco messaggio: false_393348261327@c.us_6F5434271A5E225419668E1BBFFEA486
Cerco messaggio: false_393348261327@c.us_6F5434271A5E225419668E1BBFFEA486
Cerco messaggio: false_393348261327@c.us_6F5434271A5E225419668E1BBFFEA486
Cerco messaggio: false_393348261327@c.us_6F5434271A5E225419668E1BBFFEA486
Cerco messaggio: false_393348261327@c.us_6F5434271A5E225419668E1BBFFEA486
Cerco messaggio: false_393348261327@c.us_6F5434271A5E225419668E1BBFFEA486
Cerco messaggio: false_393348261327@c.us_6F5434271A5E225419668E1BBFFEA486
Cerco messaggio: false_393348261327@c.us_6F5434271A5E225419668E1BBFFEA486
Cerco messaggio: false_393348261327@c.us_6F5434271A5E225419668E1BBFFEA486
Cerco messaggio: false_393348261327@c.us_6F5434271A5E225419668E1BBFFEA486
Cerco messaggio: false_393348261327@c.us_6F5434271A5E225419668E1BBFFEA486
Cerco messaggio: false_393348261327@c.us_6F5434271A5E225419668E1BBFFEA486
Cerco messaggio: false_393348261327@c.us_6F5434271A5E225419668E1BBFFEA486
Cerco messaggio: false_393348261327@c.us_6F5434271A5E225419668E1BBFFEA486
Cerco messaggio: false_393348261327@c.us_6F5434271A5E225419668E1BBFFEA486
Cerco messaggio: false_393348261327@c.us_6F5434271A5E225419668E1BBFFEA486
Cerco messaggio: false_393348261327@c.us_6F5434271A5E225419668E1BBFFEA486
Cerco messaggio: false_393348261327@c.us_6F5434271A5E225419668E1BBFFEA486
Cerco messaggio: false_393348261327@c.us_6F5434271A5E225419668E1BBFFEA486
Cerco messaggio: false_393348261327@c.us_6F5434271A5E225419668E1BBFFEA486
Cerco messaggio: false_393348261327@c.us_6F5434271A5E225419668E1BBFFEA486
Cerco messaggio: false_393348261327@c.us_6F5434271A5E225419668E1BBFFEA486
Cerco messaggio: false_393348261327@c.us_6F5434271A5E225419668E1BBFFEA486
Cerco messaggio: false_393348261327@c.us_6F5434271A5E225419668E1BBFFEA486
Cerco messaggio: false_393348261327@c.us_6F5434271A5E225419668E1BBFFEA486
Processo chat: 393348261327@c.us
Recuperati: 27
Cerco messaggio: false_393348261327@c.us_BE7B24F9F333E7041E657B0C4B304968
Cerco messaggio: false_393348261327@c.us_BE7B24F9F333E7041E657B0C4B304968
Cerco messaggio: false_393348261327@c.us_BE7B24F9F333E7041E657B0C4B304968
Trovato, scarico i media
Cerco messaggio: false_393348261327@c.us_BE7B24F9F333E7041E657B0C4B304968
Cerco messaggio: false_393348261327@c.us_BE7B24F9F333E7041E657B0C4B304968
Cerco messaggio: false_393348261327@c.us_BE7B24F9F333E7041E657B0C4B304968
Cerco messaggio: false_393348261327@c.us_BE7B24F9F333E7041E657B0C4B304968
Cerco messaggio: false_393348261327@c.us_BE7B24F9F333E7041E657B0C4B304968
Cerco messaggio: false_393348261327@c.us_BE7B24F9F333E7041E657B0C4B304968
Cerco messaggio: false_393348261327@c.us_BE7B24F9F333E7041E657B0C4B304968
Cerco messaggio: false_393348261327@c.us_BE7B24F9F333E7041E657B0C4B304968
Cerco messaggio: false_393348261327@c.us_BE7B24F9F333E7041E657B0C4B304968
Cerco messaggio: false_393348261327@c.us_BE7B24F9F333E7041E657B0C4B304968
Cerco messaggio: false_393348261327@c.us_BE7B24F9F333E7041E657B0C4B304968
Cerco messaggio: false_393348261327@c.us_BE7B24F9F333E7041E657B0C4B304968
Cerco messaggio: false_393348261327@c.us_BE7B24F9F333E7041E657B0C4B304968
Cerco messaggio: false_393348261327@c.us_BE7B24F9F333E7041E657B0C4B304968
Cerco messaggio: false_393348261327@c.us_BE7B24F9F333E7041E657B0C4B304968
Cerco messaggio: false_393348261327@c.us_BE7B24F9F333E7041E657B0C4B304968
Cerco messaggio: false_393348261327@c.us_BE7B24F9F333E7041E657B0C4B304968
Cerco messaggio: false_393348261327@c.us_BE7B24F9F333E7041E657B0C4B304968
Cerco messaggio: false_393348261327@c.us_BE7B24F9F333E7041E657B0C4B304968
Cerco messaggio: false_393348261327@c.us_BE7B24F9F333E7041E657B0C4B304968
Cerco messaggio: false_393348261327@c.us_BE7B24F9F333E7041E657B0C4B304968
Cerco messaggio: false_393348261327@c.us_BE7B24F9F333E7041E657B0C4B304968
Cerco messaggio: false_393348261327@c.us_BE7B24F9F333E7041E657B0C4B304968
Cerco messaggio: false_393348261327@c.us_BE7B24F9F333E7041E657B0C4B304968
Processo chat: 393348261327@c.us
Recuperati: 27
Cerco messaggio: false_393348261327@c.us_C83E743CFD8C36150CF1E99AD1E50A55
Cerco messaggio: false_393348261327@c.us_C83E743CFD8C36150CF1E99AD1E50A55
Cerco messaggio: false_393348261327@c.us_C83E743CFD8C36150CF1E99AD1E50A55
Cerco messaggio: false_393348261327@c.us_C83E743CFD8C36150CF1E99AD1E50A55
Trovato, scarico i media
Cerco messaggio: false_393348261327@c.us_C83E743CFD8C36150CF1E99AD1E50A55
Cerco messaggio: false_393348261327@c.us_C83E743CFD8C36150CF1E99AD1E50A55
Cerco messaggio: false_393348261327@c.us_C83E743CFD8C36150CF1E99AD1E50A55
Cerco messaggio: false_393348261327@c.us_C83E743CFD8C36150CF1E99AD1E50A55
Cerco messaggio: false_393348261327@c.us_C83E743CFD8C36150CF1E99AD1E50A55
Cerco messaggio: false_393348261327@c.us_C83E743CFD8C36150CF1E99AD1E50A55
Cerco messaggio: false_393348261327@c.us_C83E743CFD8C36150CF1E99AD1E50A55
Cerco messaggio: false_393348261327@c.us_C83E743CFD8C36150CF1E99AD1E50A55
Cerco messaggio: false_393348261327@c.us_C83E743CFD8C36150CF1E99AD1E50A55
Cerco messaggio: false_393348261327@c.us_C83E743CFD8C36150CF1E99AD1E50A55
Cerco messaggio: false_393348261327@c.us_C83E743CFD8C36150CF1E99AD1E50A55
Cerco messaggio: false_393348261327@c.us_C83E743CFD8C36150CF1E99AD1E50A55
Cerco messaggio: false_393348261327@c.us_C83E743CFD8C36150CF1E99AD1E50A55
Cerco messaggio: false_393348261327@c.us_C83E743CFD8C36150CF1E99AD1E50A55
Cerco messaggio: false_393348261327@c.us_C83E743CFD8C36150CF1E99AD1E50A55
Cerco messaggio: false_393348261327@c.us_C83E743CFD8C36150CF1E99AD1E50A55
Cerco messaggio: false_393348261327@c.us_C83E743CFD8C36150CF1E99AD1E50A55
Cerco messaggio: false_393348261327@c.us_C83E743CFD8C36150CF1E99AD1E50A55
Cerco messaggio: false_393348261327@c.us_C83E743CFD8C36150CF1E99AD1E50A55
Cerco messaggio: false_393348261327@c.us_C83E743CFD8C36150CF1E99AD1E50A55
Cerco messaggio: false_393348261327@c.us_C83E743CFD8C36150CF1E99AD1E50A55
Cerco messaggio: false_393348261327@c.us_C83E743CFD8C36150CF1E99AD1E50A55
Cerco messaggio: false_393348261327@c.us_C83E743CFD8C36150CF1E99AD1E50A55
Processo chat: 393348261327@c.us
Recuperati: 27
Cerco messaggio: false_393348261327@c.us_78E64C281E0B83B5178714F548FF4044
Cerco messaggio: false_393348261327@c.us_78E64C281E0B83B5178714F548FF4044
Cerco messaggio: false_393348261327@c.us_78E64C281E0B83B5178714F548FF4044
Cerco messaggio: false_393348261327@c.us_78E64C281E0B83B5178714F548FF4044
Cerco messaggio: false_393348261327@c.us_78E64C281E0B83B5178714F548FF4044
Trovato, scarico i media
Cerco messaggio: false_393348261327@c.us_78E64C281E0B83B5178714F548FF4044
Cerco messaggio: false_393348261327@c.us_78E64C281E0B83B5178714F548FF4044
Cerco messaggio: false_393348261327@c.us_78E64C281E0B83B5178714F548FF4044
Cerco messaggio: false_393348261327@c.us_78E64C281E0B83B5178714F548FF4044
Cerco messaggio: false_393348261327@c.us_78E64C281E0B83B5178714F548FF4044
Cerco messaggio: false_393348261327@c.us_78E64C281E0B83B5178714F548FF4044
Cerco messaggio: false_393348261327@c.us_78E64C281E0B83B5178714F548FF4044
Cerco messaggio: false_393348261327@c.us_78E64C281E0B83B5178714F548FF4044
Cerco messaggio: false_393348261327@c.us_78E64C281E0B83B5178714F548FF4044
Cerco messaggio: false_393348261327@c.us_78E64C281E0B83B5178714F548FF4044
Cerco messaggio: false_393348261327@c.us_78E64C281E0B83B5178714F548FF4044
Cerco messaggio: false_393348261327@c.us_78E64C281E0B83B5178714F548FF4044
Cerco messaggio: false_393348261327@c.us_78E64C281E0B83B5178714F548FF4044
Cerco messaggio: false_393348261327@c.us_78E64C281E0B83B5178714F548FF4044
Cerco messaggio: false_393348261327@c.us_78E64C281E0B83B5178714F548FF4044
Cerco messaggio: false_393348261327@c.us_78E64C281E0B83B5178714F548FF4044
Cerco messaggio: false_393348261327@c.us_78E64C281E0B83B5178714F548FF4044
Cerco messaggio: false_393348261327@c.us_78E64C281E0B83B5178714F548FF4044
Cerco messaggio: false_393348261327@c.us_78E64C281E0B83B5178714F548FF4044
Cerco messaggio: false_393348261327@c.us_78E64C281E0B83B5178714F548FF4044
Cerco messaggio: false_393348261327@c.us_78E64C281E0B83B5178714F548FF4044
Cerco messaggio: false_393348261327@c.us_78E64C281E0B83B5178714F548FF4044
Processo chat: 393348261327@c.us
Recuperati: 27
Cerco messaggio: false_393348261327@c.us_193C59BFBDA4DDFE2BAB8D4DAD6CD559
Cerco messaggio: false_393348261327@c.us_193C59BFBDA4DDFE2BAB8D4DAD6CD559
Cerco messaggio: false_393348261327@c.us_193C59BFBDA4DDFE2BAB8D4DAD6CD559
Cerco messaggio: false_393348261327@c.us_193C59BFBDA4DDFE2BAB8D4DAD6CD559
Cerco messaggio: false_393348261327@c.us_193C59BFBDA4DDFE2BAB8D4DAD6CD559
Cerco messaggio: false_393348261327@c.us_193C59BFBDA4DDFE2BAB8D4DAD6CD559
Trovato, scarico i media
Cerco messaggio: false_393348261327@c.us_193C59BFBDA4DDFE2BAB8D4DAD6CD559
Cerco messaggio: false_393348261327@c.us_193C59BFBDA4DDFE2BAB8D4DAD6CD559
Cerco messaggio: false_393348261327@c.us_193C59BFBDA4DDFE2BAB8D4DAD6CD559
Cerco messaggio: false_393348261327@c.us_193C59BFBDA4DDFE2BAB8D4DAD6CD559
Cerco messaggio: false_393348261327@c.us_193C59BFBDA4DDFE2BAB8D4DAD6CD559
Cerco messaggio: false_393348261327@c.us_193C59BFBDA4DDFE2BAB8D4DAD6CD559
Cerco messaggio: false_393348261327@c.us_193C59BFBDA4DDFE2BAB8D4DAD6CD559
Cerco messaggio: false_393348261327@c.us_193C59BFBDA4DDFE2BAB8D4DAD6CD559
Cerco messaggio: false_393348261327@c.us_193C59BFBDA4DDFE2BAB8D4DAD6CD559
Cerco messaggio: false_393348261327@c.us_193C59BFBDA4DDFE2BAB8D4DAD6CD559
Cerco messaggio: false_393348261327@c.us_193C59BFBDA4DDFE2BAB8D4DAD6CD559
Cerco messaggio: false_393348261327@c.us_193C59BFBDA4DDFE2BAB8D4DAD6CD559
Cerco messaggio: false_393348261327@c.us_193C59BFBDA4DDFE2BAB8D4DAD6CD559
Cerco messaggio: false_393348261327@c.us_193C59BFBDA4DDFE2BAB8D4DAD6CD559
Cerco messaggio: false_393348261327@c.us_193C59BFBDA4DDFE2BAB8D4DAD6CD559
Cerco messaggio: false_393348261327@c.us_193C59BFBDA4DDFE2BAB8D4DAD6CD559
Cerco messaggio: false_393348261327@c.us_193C59BFBDA4DDFE2BAB8D4DAD6CD559
Cerco messaggio: false_393348261327@c.us_193C59BFBDA4DDFE2BAB8D4DAD6CD559
Cerco messaggio: false_393348261327@c.us_193C59BFBDA4DDFE2BAB8D4DAD6CD559
Cerco messaggio: false_393348261327@c.us_193C59BFBDA4DDFE2BAB8D4DAD6CD559
Cerco messaggio: false_393348261327@c.us_193C59BFBDA4DDFE2BAB8D4DAD6CD559
Processo chat: 393348261327@c.us
Recuperati: 27
Cerco messaggio: false_393348261327@c.us_F5FA8B8BEC18EF8B75C1FA7243D4D417
Cerco messaggio: false_393348261327@c.us_F5FA8B8BEC18EF8B75C1FA7243D4D417
Cerco messaggio: false_393348261327@c.us_F5FA8B8BEC18EF8B75C1FA7243D4D417
Cerco messaggio: false_393348261327@c.us_F5FA8B8BEC18EF8B75C1FA7243D4D417
Cerco messaggio: false_393348261327@c.us_F5FA8B8BEC18EF8B75C1FA7243D4D417
Cerco messaggio: false_393348261327@c.us_F5FA8B8BEC18EF8B75C1FA7243D4D417
Cerco messaggio: false_393348261327@c.us_F5FA8B8BEC18EF8B75C1FA7243D4D417
Trovato, scarico i media
Cerco messaggio: false_393348261327@c.us_F5FA8B8BEC18EF8B75C1FA7243D4D417
Cerco messaggio: false_393348261327@c.us_F5FA8B8BEC18EF8B75C1FA7243D4D417
Cerco messaggio: false_393348261327@c.us_F5FA8B8BEC18EF8B75C1FA7243D4D417
Cerco messaggio: false_393348261327@c.us_F5FA8B8BEC18EF8B75C1FA7243D4D417
Cerco messaggio: false_393348261327@c.us_F5FA8B8BEC18EF8B75C1FA7243D4D417
Cerco messaggio: false_393348261327@c.us_F5FA8B8BEC18EF8B75C1FA7243D4D417
Cerco messaggio: false_393348261327@c.us_F5FA8B8BEC18EF8B75C1FA7243D4D417
Cerco messaggio: false_393348261327@c.us_F5FA8B8BEC18EF8B75C1FA7243D4D417
Cerco messaggio: false_393348261327@c.us_F5FA8B8BEC18EF8B75C1FA7243D4D417
Cerco messaggio: false_393348261327@c.us_F5FA8B8BEC18EF8B75C1FA7243D4D417
Cerco messaggio: false_393348261327@c.us_F5FA8B8BEC18EF8B75C1FA7243D4D417
Cerco messaggio: false_393348261327@c.us_F5FA8B8BEC18EF8B75C1FA7243D4D417
Cerco messaggio: false_393348261327@c.us_F5FA8B8BEC18EF8B75C1FA7243D4D417
Cerco messaggio: false_393348261327@c.us_F5FA8B8BEC18EF8B75C1FA7243D4D417
Cerco messaggio: false_393348261327@c.us_F5FA8B8BEC18EF8B75C1FA7243D4D417
Cerco messaggio: false_393348261327@c.us_F5FA8B8BEC18EF8B75C1FA7243D4D417
Cerco messaggio: false_393348261327@c.us_F5FA8B8BEC18EF8B75C1FA7243D4D417
Cerco messaggio: false_393348261327@c.us_F5FA8B8BEC18EF8B75C1FA7243D4D417
Cerco messaggio: false_393348261327@c.us_F5FA8B8BEC18EF8B75C1FA7243D4D417
Cerco messaggio: false_393348261327@c.us_F5FA8B8BEC18EF8B75C1FA7243D4D417
Processo chat: 393348261327@c.us
Recuperati: 27
Cerco messaggio: false_393348261327@c.us_3AB26391BAABDC601594112DC500C566
Cerco messaggio: false_393348261327@c.us_3AB26391BAABDC601594112DC500C566
Cerco messaggio: false_393348261327@c.us_3AB26391BAABDC601594112DC500C566
Cerco messaggio: false_393348261327@c.us_3AB26391BAABDC601594112DC500C566
Cerco messaggio: false_393348261327@c.us_3AB26391BAABDC601594112DC500C566
Cerco messaggio: false_393348261327@c.us_3AB26391BAABDC601594112DC500C566
Cerco messaggio: false_393348261327@c.us_3AB26391BAABDC601594112DC500C566
Cerco messaggio: false_393348261327@c.us_3AB26391BAABDC601594112DC500C566
Trovato, scarico i media
Cerco messaggio: false_393348261327@c.us_3AB26391BAABDC601594112DC500C566
Cerco messaggio: false_393348261327@c.us_3AB26391BAABDC601594112DC500C566
Cerco messaggio: false_393348261327@c.us_3AB26391BAABDC601594112DC500C566
Cerco messaggio: false_393348261327@c.us_3AB26391BAABDC601594112DC500C566
Cerco messaggio: false_393348261327@c.us_3AB26391BAABDC601594112DC500C566
Cerco messaggio: false_393348261327@c.us_3AB26391BAABDC601594112DC500C566
Cerco messaggio: false_393348261327@c.us_3AB26391BAABDC601594112DC500C566
Cerco messaggio: false_393348261327@c.us_3AB26391BAABDC601594112DC500C566
Cerco messaggio: false_393348261327@c.us_3AB26391BAABDC601594112DC500C566
Cerco messaggio: false_393348261327@c.us_3AB26391BAABDC601594112DC500C566
Cerco messaggio: false_393348261327@c.us_3AB26391BAABDC601594112DC500C566
Cerco messaggio: false_393348261327@c.us_3AB26391BAABDC601594112DC500C566
Cerco messaggio: false_393348261327@c.us_3AB26391BAABDC601594112DC500C566
Cerco messaggio: false_393348261327@c.us_3AB26391BAABDC601594112DC500C566
Cerco messaggio: false_393348261327@c.us_3AB26391BAABDC601594112DC500C566
Cerco messaggio: false_393348261327@c.us_3AB26391BAABDC601594112DC500C566
Cerco messaggio: false_393348261327@c.us_3AB26391BAABDC601594112DC500C566
Cerco messaggio: false_393348261327@c.us_3AB26391BAABDC601594112DC500C566
Cerco messaggio: false_393348261327@c.us_3AB26391BAABDC601594112DC500C566
Processo chat: 393348261327@c.us
Recuperati: 27
Cerco messaggio: false_393348261327@c.us_227B6A8B4E642D29DACC0F603D0F3DCB
Cerco messaggio: false_393348261327@c.us_227B6A8B4E642D29DACC0F603D0F3DCB
Cerco messaggio: false_393348261327@c.us_227B6A8B4E642D29DACC0F603D0F3DCB
Cerco messaggio: false_393348261327@c.us_227B6A8B4E642D29DACC0F603D0F3DCB
Cerco messaggio: false_393348261327@c.us_227B6A8B4E642D29DACC0F603D0F3DCB
Cerco messaggio: false_393348261327@c.us_227B6A8B4E642D29DACC0F603D0F3DCB
Cerco messaggio: false_393348261327@c.us_227B6A8B4E642D29DACC0F603D0F3DCB
Cerco messaggio: false_393348261327@c.us_227B6A8B4E642D29DACC0F603D0F3DCB
Cerco messaggio: false_393348261327@c.us_227B6A8B4E642D29DACC0F603D0F3DCB
Cerco messaggio: false_393348261327@c.us_227B6A8B4E642D29DACC0F603D0F3DCB
Trovato, scarico i media
Cerco messaggio: false_393348261327@c.us_227B6A8B4E642D29DACC0F603D0F3DCB
Cerco messaggio: false_393348261327@c.us_227B6A8B4E642D29DACC0F603D0F3DCB
Cerco messaggio: false_393348261327@c.us_227B6A8B4E642D29DACC0F603D0F3DCB
Cerco messaggio: false_393348261327@c.us_227B6A8B4E642D29DACC0F603D0F3DCB
Cerco messaggio: false_393348261327@c.us_227B6A8B4E642D29DACC0F603D0F3DCB
Cerco messaggio: false_393348261327@c.us_227B6A8B4E642D29DACC0F603D0F3DCB
Cerco messaggio: false_393348261327@c.us_227B6A8B4E642D29DACC0F603D0F3DCB
Cerco messaggio: false_393348261327@c.us_227B6A8B4E642D29DACC0F603D0F3DCB
Cerco messaggio: false_393348261327@c.us_227B6A8B4E642D29DACC0F603D0F3DCB
Cerco messaggio: false_393348261327@c.us_227B6A8B4E642D29DACC0F603D0F3DCB
Cerco messaggio: false_393348261327@c.us_227B6A8B4E642D29DACC0F603D0F3DCB
Cerco messaggio: false_393348261327@c.us_227B6A8B4E642D29DACC0F603D0F3DCB
Cerco messaggio: false_393348261327@c.us_227B6A8B4E642D29DACC0F603D0F3DCB
Cerco messaggio: false_393348261327@c.us_227B6A8B4E642D29DACC0F603D0F3DCB
Cerco messaggio: false_393348261327@c.us_227B6A8B4E642D29DACC0F603D0F3DCB
Cerco messaggio: false_393348261327@c.us_227B6A8B4E642D29DACC0F603D0F3DCB
Cerco messaggio: false_393348261327@c.us_227B6A8B4E642D29DACC0F603D0F3DCB
Processo chat: 393348261327@c.us
Recuperati: 27
Cerco messaggio: false_393348261327@c.us_A4E051AB6798915D790EFD6DA664D61D
Cerco messaggio: false_393348261327@c.us_A4E051AB6798915D790EFD6DA664D61D
Cerco messaggio: false_393348261327@c.us_A4E051AB6798915D790EFD6DA664D61D
Cerco messaggio: false_393348261327@c.us_A4E051AB6798915D790EFD6DA664D61D
Cerco messaggio: false_393348261327@c.us_A4E051AB6798915D790EFD6DA664D61D
Cerco messaggio: false_393348261327@c.us_A4E051AB6798915D790EFD6DA664D61D
Cerco messaggio: false_393348261327@c.us_A4E051AB6798915D790EFD6DA664D61D
Cerco messaggio: false_393348261327@c.us_A4E051AB6798915D790EFD6DA664D61D
Cerco messaggio: false_393348261327@c.us_A4E051AB6798915D790EFD6DA664D61D
Cerco messaggio: false_393348261327@c.us_A4E051AB6798915D790EFD6DA664D61D
Cerco messaggio: false_393348261327@c.us_A4E051AB6798915D790EFD6DA664D61D
Trovato, scarico i media
Cerco messaggio: false_393348261327@c.us_A4E051AB6798915D790EFD6DA664D61D
Cerco messaggio: false_393348261327@c.us_A4E051AB6798915D790EFD6DA664D61D
Cerco messaggio: false_393348261327@c.us_A4E051AB6798915D790EFD6DA664D61D
Cerco messaggio: false_393348261327@c.us_A4E051AB6798915D790EFD6DA664D61D
Cerco messaggio: false_393348261327@c.us_A4E051AB6798915D790EFD6DA664D61D
Cerco messaggio: false_393348261327@c.us_A4E051AB6798915D790EFD6DA664D61D
Cerco messaggio: false_393348261327@c.us_A4E051AB6798915D790EFD6DA664D61D
Cerco messaggio: false_393348261327@c.us_A4E051AB6798915D790EFD6DA664D61D
Cerco messaggio: false_393348261327@c.us_A4E051AB6798915D790EFD6DA664D61D
Cerco messaggio: false_393348261327@c.us_A4E051AB6798915D790EFD6DA664D61D
Cerco messaggio: false_393348261327@c.us_A4E051AB6798915D790EFD6DA664D61D
Cerco messaggio: false_393348261327@c.us_A4E051AB6798915D790EFD6DA664D61D
Cerco messaggio: false_393348261327@c.us_A4E051AB6798915D790EFD6DA664D61D
Cerco messaggio: false_393348261327@c.us_A4E051AB6798915D790EFD6DA664D61D
Cerco messaggio: false_393348261327@c.us_A4E051AB6798915D790EFD6DA664D61D
Cerco messaggio: false_393348261327@c.us_A4E051AB6798915D790EFD6DA664D61D
Processo chat: 393348261327@c.us
Recuperati: 27
Cerco messaggio: false_393348261327@c.us_BED76E7370A978259675E9F81D7105CA
Cerco messaggio: false_393348261327@c.us_BED76E7370A978259675E9F81D7105CA
Cerco messaggio: false_393348261327@c.us_BED76E7370A978259675E9F81D7105CA
Cerco messaggio: false_393348261327@c.us_BED76E7370A978259675E9F81D7105CA
Cerco messaggio: false_393348261327@c.us_BED76E7370A978259675E9F81D7105CA
Cerco messaggio: false_393348261327@c.us_BED76E7370A978259675E9F81D7105CA
Cerco messaggio: false_393348261327@c.us_BED76E7370A978259675E9F81D7105CA
Cerco messaggio: false_393348261327@c.us_BED76E7370A978259675E9F81D7105CA
Cerco messaggio: false_393348261327@c.us_BED76E7370A978259675E9F81D7105CA
Cerco messaggio: false_393348261327@c.us_BED76E7370A978259675E9F81D7105CA
Cerco messaggio: false_393348261327@c.us_BED76E7370A978259675E9F81D7105CA
Cerco messaggio: false_393348261327@c.us_BED76E7370A978259675E9F81D7105CA
Trovato, scarico i media
Cerco messaggio: false_393348261327@c.us_BED76E7370A978259675E9F81D7105CA
Cerco messaggio: false_393348261327@c.us_BED76E7370A978259675E9F81D7105CA
Cerco messaggio: false_393348261327@c.us_BED76E7370A978259675E9F81D7105CA
Cerco messaggio: false_393348261327@c.us_BED76E7370A978259675E9F81D7105CA
Cerco messaggio: false_393348261327@c.us_BED76E7370A978259675E9F81D7105CA
Cerco messaggio: false_393348261327@c.us_BED76E7370A978259675E9F81D7105CA
Cerco messaggio: false_393348261327@c.us_BED76E7370A978259675E9F81D7105CA
Cerco messaggio: false_393348261327@c.us_BED76E7370A978259675E9F81D7105CA
Cerco messaggio: false_393348261327@c.us_BED76E7370A978259675E9F81D7105CA
Cerco messaggio: false_393348261327@c.us_BED76E7370A978259675E9F81D7105CA
Cerco messaggio: false_393348261327@c.us_BED76E7370A978259675E9F81D7105CA
Cerco messaggio: false_393348261327@c.us_BED76E7370A978259675E9F81D7105CA
Cerco messaggio: false_393348261327@c.us_BED76E7370A978259675E9F81D7105CA
Cerco messaggio: false_393348261327@c.us_BED76E7370A978259675E9F81D7105CA
Cerco messaggio: false_393348261327@c.us_BED76E7370A978259675E9F81D7105CA
Processo chat: 393348261327@c.us
Recuperati: 27
Cerco messaggio: false_393348261327@c.us_998215C769E76BF833E2263B470A87E7
Cerco messaggio: false_393348261327@c.us_998215C769E76BF833E2263B470A87E7
Cerco messaggio: false_393348261327@c.us_998215C769E76BF833E2263B470A87E7
Cerco messaggio: false_393348261327@c.us_998215C769E76BF833E2263B470A87E7
Cerco messaggio: false_393348261327@c.us_998215C769E76BF833E2263B470A87E7
Cerco messaggio: false_393348261327@c.us_998215C769E76BF833E2263B470A87E7
Cerco messaggio: false_393348261327@c.us_998215C769E76BF833E2263B470A87E7
Cerco messaggio: false_393348261327@c.us_998215C769E76BF833E2263B470A87E7
Cerco messaggio: false_393348261327@c.us_998215C769E76BF833E2263B470A87E7
Cerco messaggio: false_393348261327@c.us_998215C769E76BF833E2263B470A87E7
Cerco messaggio: false_393348261327@c.us_998215C769E76BF833E2263B470A87E7
Cerco messaggio: false_393348261327@c.us_998215C769E76BF833E2263B470A87E7
Cerco messaggio: false_393348261327@c.us_998215C769E76BF833E2263B470A87E7
Trovato, scarico i media
Cerco messaggio: false_393348261327@c.us_998215C769E76BF833E2263B470A87E7
Cerco messaggio: false_393348261327@c.us_998215C769E76BF833E2263B470A87E7
Cerco messaggio: false_393348261327@c.us_998215C769E76BF833E2263B470A87E7
Cerco messaggio: false_393348261327@c.us_998215C769E76BF833E2263B470A87E7
Cerco messaggio: false_393348261327@c.us_998215C769E76BF833E2263B470A87E7
Cerco messaggio: false_393348261327@c.us_998215C769E76BF833E2263B470A87E7
Cerco messaggio: false_393348261327@c.us_998215C769E76BF833E2263B470A87E7
Cerco messaggio: false_393348261327@c.us_998215C769E76BF833E2263B470A87E7
Cerco messaggio: false_393348261327@c.us_998215C769E76BF833E2263B470A87E7
Cerco messaggio: false_393348261327@c.us_998215C769E76BF833E2263B470A87E7
Cerco messaggio: false_393348261327@c.us_998215C769E76BF833E2263B470A87E7
Cerco messaggio: false_393348261327@c.us_998215C769E76BF833E2263B470A87E7
Cerco messaggio: false_393348261327@c.us_998215C769E76BF833E2263B470A87E7
Cerco messaggio: false_393348261327@c.us_998215C769E76BF833E2263B470A87E7
Processo chat: 393348261327@c.us
Recuperati: 27
Cerco messaggio: false_393348261327@c.us_03E7C129C7D085F4481C30CF9B0BC1FE
Cerco messaggio: false_393348261327@c.us_03E7C129C7D085F4481C30CF9B0BC1FE
Cerco messaggio: false_393348261327@c.us_03E7C129C7D085F4481C30CF9B0BC1FE
Cerco messaggio: false_393348261327@c.us_03E7C129C7D085F4481C30CF9B0BC1FE
Cerco messaggio: false_393348261327@c.us_03E7C129C7D085F4481C30CF9B0BC1FE
Cerco messaggio: false_393348261327@c.us_03E7C129C7D085F4481C30CF9B0BC1FE
Cerco messaggio: false_393348261327@c.us_03E7C129C7D085F4481C30CF9B0BC1FE
Cerco messaggio: false_393348261327@c.us_03E7C129C7D085F4481C30CF9B0BC1FE
Cerco messaggio: false_393348261327@c.us_03E7C129C7D085F4481C30CF9B0BC1FE
Cerco messaggio: false_393348261327@c.us_03E7C129C7D085F4481C30CF9B0BC1FE
Cerco messaggio: false_393348261327@c.us_03E7C129C7D085F4481C30CF9B0BC1FE
Cerco messaggio: false_393348261327@c.us_03E7C129C7D085F4481C30CF9B0BC1FE
Cerco messaggio: false_393348261327@c.us_03E7C129C7D085F4481C30CF9B0BC1FE
Cerco messaggio: false_393348261327@c.us_03E7C129C7D085F4481C30CF9B0BC1FE
Cerco messaggio: false_393348261327@c.us_03E7C129C7D085F4481C30CF9B0BC1FE
Trovato, scarico i media
Cerco messaggio: false_393348261327@c.us_03E7C129C7D085F4481C30CF9B0BC1FE
Cerco messaggio: false_393348261327@c.us_03E7C129C7D085F4481C30CF9B0BC1FE
Cerco messaggio: false_393348261327@c.us_03E7C129C7D085F4481C30CF9B0BC1FE
Cerco messaggio: false_393348261327@c.us_03E7C129C7D085F4481C30CF9B0BC1FE
Cerco messaggio: false_393348261327@c.us_03E7C129C7D085F4481C30CF9B0BC1FE
Cerco messaggio: false_393348261327@c.us_03E7C129C7D085F4481C30CF9B0BC1FE
Cerco messaggio: false_393348261327@c.us_03E7C129C7D085F4481C30CF9B0BC1FE
Cerco messaggio: false_393348261327@c.us_03E7C129C7D085F4481C30CF9B0BC1FE
Cerco messaggio: false_393348261327@c.us_03E7C129C7D085F4481C30CF9B0BC1FE
Cerco messaggio: false_393348261327@c.us_03E7C129C7D085F4481C30CF9B0BC1FE
Cerco messaggio: false_393348261327@c.us_03E7C129C7D085F4481C30CF9B0BC1FE
Cerco messaggio: false_393348261327@c.us_03E7C129C7D085F4481C30CF9B0BC1FE
Processo chat: 393348261327@c.us
Recuperati: 27
Cerco messaggio: false_393348261327@c.us_16C4278A3CACA3FFD212FD85834BFDD9
Cerco messaggio: false_393348261327@c.us_16C4278A3CACA3FFD212FD85834BFDD9
Cerco messaggio: false_393348261327@c.us_16C4278A3CACA3FFD212FD85834BFDD9
Cerco messaggio: false_393348261327@c.us_16C4278A3CACA3FFD212FD85834BFDD9
Cerco messaggio: false_393348261327@c.us_16C4278A3CACA3FFD212FD85834BFDD9
Cerco messaggio: false_393348261327@c.us_16C4278A3CACA3FFD212FD85834BFDD9
Cerco messaggio: false_393348261327@c.us_16C4278A3CACA3FFD212FD85834BFDD9
Cerco messaggio: false_393348261327@c.us_16C4278A3CACA3FFD212FD85834BFDD9
Cerco messaggio: false_393348261327@c.us_16C4278A3CACA3FFD212FD85834BFDD9
Cerco messaggio: false_393348261327@c.us_16C4278A3CACA3FFD212FD85834BFDD9
Cerco messaggio: false_393348261327@c.us_16C4278A3CACA3FFD212FD85834BFDD9
Cerco messaggio: false_393348261327@c.us_16C4278A3CACA3FFD212FD85834BFDD9
Cerco messaggio: false_393348261327@c.us_16C4278A3CACA3FFD212FD85834BFDD9
Cerco messaggio: false_393348261327@c.us_16C4278A3CACA3FFD212FD85834BFDD9
Cerco messaggio: false_393348261327@c.us_16C4278A3CACA3FFD212FD85834BFDD9
Cerco messaggio: false_393348261327@c.us_16C4278A3CACA3FFD212FD85834BFDD9
Trovato, scarico i media
Cerco messaggio: false_393348261327@c.us_16C4278A3CACA3FFD212FD85834BFDD9
Cerco messaggio: false_393348261327@c.us_16C4278A3CACA3FFD212FD85834BFDD9
Cerco messaggio: false_393348261327@c.us_16C4278A3CACA3FFD212FD85834BFDD9
Cerco messaggio: false_393348261327@c.us_16C4278A3CACA3FFD212FD85834BFDD9
Cerco messaggio: false_393348261327@c.us_16C4278A3CACA3FFD212FD85834BFDD9
Cerco messaggio: false_393348261327@c.us_16C4278A3CACA3FFD212FD85834BFDD9
Cerco messaggio: false_393348261327@c.us_16C4278A3CACA3FFD212FD85834BFDD9
Cerco messaggio: false_393348261327@c.us_16C4278A3CACA3FFD212FD85834BFDD9
Cerco messaggio: false_393348261327@c.us_16C4278A3CACA3FFD212FD85834BFDD9
Cerco messaggio: false_393348261327@c.us_16C4278A3CACA3FFD212FD85834BFDD9
Cerco messaggio: false_393348261327@c.us_16C4278A3CACA3FFD212FD85834BFDD9
Processo chat: 393348261327@c.us
Recuperati: 27
Cerco messaggio: true_393348261327@c.us_69B3E63B50AA53792165702FA321473E
Cerco messaggio: true_393348261327@c.us_69B3E63B50AA53792165702FA321473E
Cerco messaggio: true_393348261327@c.us_69B3E63B50AA53792165702FA321473E
Cerco messaggio: true_393348261327@c.us_69B3E63B50AA53792165702FA321473E
Cerco messaggio: true_393348261327@c.us_69B3E63B50AA53792165702FA321473E
Cerco messaggio: true_393348261327@c.us_69B3E63B50AA53792165702FA321473E
Cerco messaggio: true_393348261327@c.us_69B3E63B50AA53792165702FA321473E
Cerco messaggio: true_393348261327@c.us_69B3E63B50AA53792165702FA321473E
Cerco messaggio: true_393348261327@c.us_69B3E63B50AA53792165702FA321473E
Cerco messaggio: true_393348261327@c.us_69B3E63B50AA53792165702FA321473E
Cerco messaggio: true_393348261327@c.us_69B3E63B50AA53792165702FA321473E
Cerco messaggio: true_393348261327@c.us_69B3E63B50AA53792165702FA321473E
Cerco messaggio: true_393348261327@c.us_69B3E63B50AA53792165702FA321473E
Cerco messaggio: true_393348261327@c.us_69B3E63B50AA53792165702FA321473E
Cerco messaggio: true_393348261327@c.us_69B3E63B50AA53792165702FA321473E
Cerco messaggio: true_393348261327@c.us_69B3E63B50AA53792165702FA321473E
Cerco messaggio: true_393348261327@c.us_69B3E63B50AA53792165702FA321473E
Cerco messaggio: true_393348261327@c.us_69B3E63B50AA53792165702FA321473E
Cerco messaggio: true_393348261327@c.us_69B3E63B50AA53792165702FA321473E
Cerco messaggio: true_393348261327@c.us_69B3E63B50AA53792165702FA321473E
Cerco messaggio: true_393348261327@c.us_69B3E63B50AA53792165702FA321473E
Cerco messaggio: true_393348261327@c.us_69B3E63B50AA53792165702FA321473E
Cerco messaggio: true_393348261327@c.us_69B3E63B50AA53792165702FA321473E
Cerco messaggio: true_393348261327@c.us_69B3E63B50AA53792165702FA321473E
Trovato, scarico i media
Cerco messaggio: true_393348261327@c.us_69B3E63B50AA53792165702FA321473E
Cerco messaggio: true_393348261327@c.us_69B3E63B50AA53792165702FA321473E
Cerco messaggio: true_393348261327@c.us_69B3E63B50AA53792165702FA321473E
Processo chat: 393348261327@c.us
Recuperati: 27
Cerco messaggio: true_393348261327@c.us_A84905B65DC644274DD21396D5D6D1D2
Cerco messaggio: true_393348261327@c.us_A84905B65DC644274DD21396D5D6D1D2
Cerco messaggio: true_393348261327@c.us_A84905B65DC644274DD21396D5D6D1D2
Cerco messaggio: true_393348261327@c.us_A84905B65DC644274DD21396D5D6D1D2
Cerco messaggio: true_393348261327@c.us_A84905B65DC644274DD21396D5D6D1D2
Cerco messaggio: true_393348261327@c.us_A84905B65DC644274DD21396D5D6D1D2
Cerco messaggio: true_393348261327@c.us_A84905B65DC644274DD21396D5D6D1D2
Cerco messaggio: true_393348261327@c.us_A84905B65DC644274DD21396D5D6D1D2
Cerco messaggio: true_393348261327@c.us_A84905B65DC644274DD21396D5D6D1D2
Cerco messaggio: true_393348261327@c.us_A84905B65DC644274DD21396D5D6D1D2
Cerco messaggio: true_393348261327@c.us_A84905B65DC644274DD21396D5D6D1D2
Cerco messaggio: true_393348261327@c.us_A84905B65DC644274DD21396D5D6D1D2
Cerco messaggio: true_393348261327@c.us_A84905B65DC644274DD21396D5D6D1D2
Cerco messaggio: true_393348261327@c.us_A84905B65DC644274DD21396D5D6D1D2
Cerco messaggio: true_393348261327@c.us_A84905B65DC644274DD21396D5D6D1D2
Cerco messaggio: true_393348261327@c.us_A84905B65DC644274DD21396D5D6D1D2
Cerco messaggio: true_393348261327@c.us_A84905B65DC644274DD21396D5D6D1D2
Cerco messaggio: true_393348261327@c.us_A84905B65DC644274DD21396D5D6D1D2
Cerco messaggio: true_393348261327@c.us_A84905B65DC644274DD21396D5D6D1D2
Cerco messaggio: true_393348261327@c.us_A84905B65DC644274DD21396D5D6D1D2
Cerco messaggio: true_393348261327@c.us_A84905B65DC644274DD21396D5D6D1D2
Cerco messaggio: true_393348261327@c.us_A84905B65DC644274DD21396D5D6D1D2
Cerco messaggio: true_393348261327@c.us_A84905B65DC644274DD21396D5D6D1D2
Cerco messaggio: true_393348261327@c.us_A84905B65DC644274DD21396D5D6D1D2
Cerco messaggio: true_393348261327@c.us_A84905B65DC644274DD21396D5D6D1D2
Cerco messaggio: true_393348261327@c.us_A84905B65DC644274DD21396D5D6D1D2
Trovato, scarico i media
Cerco messaggio: true_393348261327@c.us_A84905B65DC644274DD21396D5D6D1D2
Processo chat: 393661438930@c.us
Recuperati: 2
Cerco messaggio: false_393661438930@c.us_3A165C5EA2B81085BE8E
Trovato, scarico i media
Cerco messaggio: false_393661438930@c.us_3A165C5EA2B81085BE8E
Processo chat: 393661438930@c.us
Recuperati: 2
Cerco messaggio: false_393661438930@c.us_3A66D20DA3ECBBE943CF
Cerco messaggio: false_393661438930@c.us_3A66D20DA3ECBBE943CF
Trovato, scarico i media
Processo chat: 393208644763@c.us
Recuperati: 2
Cerco messaggio: false_393208644763@c.us_3AC8CF9C7110DE561AE5
Trovato, scarico i media
Cerco messaggio: false_393208644763@c.us_3AC8CF9C7110DE561AE5
Processo chat: 393208644763@c.us
Recuperati: 2
Cerco messaggio: false_393208644763@c.us_3A5DBE35D5F82B74A244
Cerco messaggio: false_393208644763@c.us_3A5DBE35D5F82B74A244
Trovato, scarico i media
Processo chat: 393471972824@c.us
Recuperati: 2
Cerco messaggio: false_393471972824@c.us_443F6D94943C74B933B19AD64505240F
Trovato, scarico i media
Cerco messaggio: false_393471972824@c.us_443F6D94943C74B933B19AD64505240F
Processo chat: 393471972824@c.us
Recuperati: 2
Cerco messaggio: false_393471972824@c.us_E8F6B998F3D9314894AA15CBC2BFDA99
Cerco messaggio: false_393471972824@c.us_E8F6B998F3D9314894AA15CBC2BFDA99
Trovato, scarico i media
Processo chat: 393287871427@c.us
Recuperati: 31
Cerco messaggio: true_393287871427@c.us_E31469F1C0C9F0203B3795F8A6D4A3CA
Cerco messaggio: true_393287871427@c.us_E31469F1C0C9F0203B3795F8A6D4A3CA
Cerco messaggio: true_393287871427@c.us_E31469F1C0C9F0203B3795F8A6D4A3CA
Cerco messaggio: true_393287871427@c.us_E31469F1C0C9F0203B3795F8A6D4A3CA
Cerco messaggio: true_393287871427@c.us_E31469F1C0C9F0203B3795F8A6D4A3CA
Cerco messaggio: true_393287871427@c.us_E31469F1C0C9F0203B3795F8A6D4A3CA
Cerco messaggio: true_393287871427@c.us_E31469F1C0C9F0203B3795F8A6D4A3CA
Cerco messaggio: true_393287871427@c.us_E31469F1C0C9F0203B3795F8A6D4A3CA
Cerco messaggio: true_393287871427@c.us_E31469F1C0C9F0203B3795F8A6D4A3CA
Cerco messaggio: true_393287871427@c.us_E31469F1C0C9F0203B3795F8A6D4A3CA
Trovato, scarico i media
Cerco messaggio: true_393287871427@c.us_E31469F1C0C9F0203B3795F8A6D4A3CA
Cerco messaggio: true_393287871427@c.us_E31469F1C0C9F0203B3795F8A6D4A3CA
Cerco messaggio: true_393287871427@c.us_E31469F1C0C9F0203B3795F8A6D4A3CA
Cerco messaggio: true_393287871427@c.us_E31469F1C0C9F0203B3795F8A6D4A3CA
Cerco messaggio: true_393287871427@c.us_E31469F1C0C9F0203B3795F8A6D4A3CA
Cerco messaggio: true_393287871427@c.us_E31469F1C0C9F0203B3795F8A6D4A3CA
Cerco messaggio: true_393287871427@c.us_E31469F1C0C9F0203B3795F8A6D4A3CA
Cerco messaggio: true_393287871427@c.us_E31469F1C0C9F0203B3795F8A6D4A3CA
Cerco messaggio: true_393287871427@c.us_E31469F1C0C9F0203B3795F8A6D4A3CA
Cerco messaggio: true_393287871427@c.us_E31469F1C0C9F0203B3795F8A6D4A3CA
Cerco messaggio: true_393287871427@c.us_E31469F1C0C9F0203B3795F8A6D4A3CA
Cerco messaggio: true_393287871427@c.us_E31469F1C0C9F0203B3795F8A6D4A3CA
Cerco messaggio: true_393287871427@c.us_E31469F1C0C9F0203B3795F8A6D4A3CA
Cerco messaggio: true_393287871427@c.us_E31469F1C0C9F0203B3795F8A6D4A3CA
Cerco messaggio: true_393287871427@c.us_E31469F1C0C9F0203B3795F8A6D4A3CA
Cerco messaggio: true_393287871427@c.us_E31469F1C0C9F0203B3795F8A6D4A3CA
Cerco messaggio: true_393287871427@c.us_E31469F1C0C9F0203B3795F8A6D4A3CA
Cerco messaggio: true_393287871427@c.us_E31469F1C0C9F0203B3795F8A6D4A3CA
Cerco messaggio: true_393287871427@c.us_E31469F1C0C9F0203B3795F8A6D4A3CA
Cerco messaggio: true_393287871427@c.us_E31469F1C0C9F0203B3795F8A6D4A3CA
Cerco messaggio: true_393287871427@c.us_E31469F1C0C9F0203B3795F8A6D4A3CA
Processo chat: 393287871427@c.us
Recuperati: 31
Cerco messaggio: true_393287871427@c.us_3C2ADC76635E866FC960D216B8B9068A
Cerco messaggio: true_393287871427@c.us_3C2ADC76635E866FC960D216B8B9068A
Cerco messaggio: true_393287871427@c.us_3C2ADC76635E866FC960D216B8B9068A
Cerco messaggio: true_393287871427@c.us_3C2ADC76635E866FC960D216B8B9068A
Cerco messaggio: true_393287871427@c.us_3C2ADC76635E866FC960D216B8B9068A
Cerco messaggio: true_393287871427@c.us_3C2ADC76635E866FC960D216B8B9068A
Cerco messaggio: true_393287871427@c.us_3C2ADC76635E866FC960D216B8B9068A
Cerco messaggio: true_393287871427@c.us_3C2ADC76635E866FC960D216B8B9068A
Cerco messaggio: true_393287871427@c.us_3C2ADC76635E866FC960D216B8B9068A
Cerco messaggio: true_393287871427@c.us_3C2ADC76635E866FC960D216B8B9068A
Cerco messaggio: true_393287871427@c.us_3C2ADC76635E866FC960D216B8B9068A
Cerco messaggio: true_393287871427@c.us_3C2ADC76635E866FC960D216B8B9068A
Cerco messaggio: true_393287871427@c.us_3C2ADC76635E866FC960D216B8B9068A
Trovato, scarico i media
Cerco messaggio: true_393287871427@c.us_3C2ADC76635E866FC960D216B8B9068A
Cerco messaggio: true_393287871427@c.us_3C2ADC76635E866FC960D216B8B9068A
Cerco messaggio: true_393287871427@c.us_3C2ADC76635E866FC960D216B8B9068A
Cerco messaggio: true_393287871427@c.us_3C2ADC76635E866FC960D216B8B9068A
Cerco messaggio: true_393287871427@c.us_3C2ADC76635E866FC960D216B8B9068A
Cerco messaggio: true_393287871427@c.us_3C2ADC76635E866FC960D216B8B9068A
Cerco messaggio: true_393287871427@c.us_3C2ADC76635E866FC960D216B8B9068A
Cerco messaggio: true_393287871427@c.us_3C2ADC76635E866FC960D216B8B9068A
Cerco messaggio: true_393287871427@c.us_3C2ADC76635E866FC960D216B8B9068A
Cerco messaggio: true_393287871427@c.us_3C2ADC76635E866FC960D216B8B9068A
Cerco messaggio: true_393287871427@c.us_3C2ADC76635E866FC960D216B8B9068A
Cerco messaggio: true_393287871427@c.us_3C2ADC76635E866FC960D216B8B9068A
Cerco messaggio: true_393287871427@c.us_3C2ADC76635E866FC960D216B8B9068A
Cerco messaggio: true_393287871427@c.us_3C2ADC76635E866FC960D216B8B9068A
Cerco messaggio: true_393287871427@c.us_3C2ADC76635E866FC960D216B8B9068A
Cerco messaggio: true_393287871427@c.us_3C2ADC76635E866FC960D216B8B9068A
Cerco messaggio: true_393287871427@c.us_3C2ADC76635E866FC960D216B8B9068A
Cerco messaggio: true_393287871427@c.us_3C2ADC76635E866FC960D216B8B9068A
Processo chat: 393287871427@c.us
Recuperati: 31
Cerco messaggio: true_393287871427@c.us_00D917EDE7E8363A1D67EA3FA834FD65
Cerco messaggio: true_393287871427@c.us_00D917EDE7E8363A1D67EA3FA834FD65
Cerco messaggio: true_393287871427@c.us_00D917EDE7E8363A1D67EA3FA834FD65
Cerco messaggio: true_393287871427@c.us_00D917EDE7E8363A1D67EA3FA834FD65
Cerco messaggio: true_393287871427@c.us_00D917EDE7E8363A1D67EA3FA834FD65
Cerco messaggio: true_393287871427@c.us_00D917EDE7E8363A1D67EA3FA834FD65
Cerco messaggio: true_393287871427@c.us_00D917EDE7E8363A1D67EA3FA834FD65
Cerco messaggio: true_393287871427@c.us_00D917EDE7E8363A1D67EA3FA834FD65
Cerco messaggio: true_393287871427@c.us_00D917EDE7E8363A1D67EA3FA834FD65
Cerco messaggio: true_393287871427@c.us_00D917EDE7E8363A1D67EA3FA834FD65
Cerco messaggio: true_393287871427@c.us_00D917EDE7E8363A1D67EA3FA834FD65
Cerco messaggio: true_393287871427@c.us_00D917EDE7E8363A1D67EA3FA834FD65
Cerco messaggio: true_393287871427@c.us_00D917EDE7E8363A1D67EA3FA834FD65
Cerco messaggio: true_393287871427@c.us_00D917EDE7E8363A1D67EA3FA834FD65
Cerco messaggio: true_393287871427@c.us_00D917EDE7E8363A1D67EA3FA834FD65
Cerco messaggio: true_393287871427@c.us_00D917EDE7E8363A1D67EA3FA834FD65
Cerco messaggio: true_393287871427@c.us_00D917EDE7E8363A1D67EA3FA834FD65
Cerco messaggio: true_393287871427@c.us_00D917EDE7E8363A1D67EA3FA834FD65
Cerco messaggio: true_393287871427@c.us_00D917EDE7E8363A1D67EA3FA834FD65
Cerco messaggio: true_393287871427@c.us_00D917EDE7E8363A1D67EA3FA834FD65
Cerco messaggio: true_393287871427@c.us_00D917EDE7E8363A1D67EA3FA834FD65
Trovato, scarico i media
Cerco messaggio: true_393287871427@c.us_00D917EDE7E8363A1D67EA3FA834FD65
Cerco messaggio: true_393287871427@c.us_00D917EDE7E8363A1D67EA3FA834FD65
Cerco messaggio: true_393287871427@c.us_00D917EDE7E8363A1D67EA3FA834FD65
Cerco messaggio: true_393287871427@c.us_00D917EDE7E8363A1D67EA3FA834FD65
Cerco messaggio: true_393287871427@c.us_00D917EDE7E8363A1D67EA3FA834FD65
Cerco messaggio: true_393287871427@c.us_00D917EDE7E8363A1D67EA3FA834FD65
Cerco messaggio: true_393287871427@c.us_00D917EDE7E8363A1D67EA3FA834FD65
Cerco messaggio: true_393287871427@c.us_00D917EDE7E8363A1D67EA3FA834FD65
Cerco messaggio: true_393287871427@c.us_00D917EDE7E8363A1D67EA3FA834FD65
Cerco messaggio: true_393287871427@c.us_00D917EDE7E8363A1D67EA3FA834FD65
Processo chat: 393460154120@c.us
Recuperati: 7
Cerco messaggio: true_393460154120@c.us_3EB0E22C028ECC90BD3A
Trovato, scarico i media
Cerco messaggio: true_393460154120@c.us_3EB0E22C028ECC90BD3A
Cerco messaggio: true_393460154120@c.us_3EB0E22C028ECC90BD3A
Cerco messaggio: true_393460154120@c.us_3EB0E22C028ECC90BD3A
Cerco messaggio: true_393460154120@c.us_3EB0E22C028ECC90BD3A
Cerco messaggio: true_393460154120@c.us_3EB0E22C028ECC90BD3A
Cerco messaggio: true_393460154120@c.us_3EB0E22C028ECC90BD3A
Processo chat: 393460154120@c.us
Recuperati: 7
Cerco messaggio: false_393460154120@c.us_AAACD6CC84AC1D5792C0332A136E1E84
Cerco messaggio: false_393460154120@c.us_AAACD6CC84AC1D5792C0332A136E1E84
Cerco messaggio: false_393460154120@c.us_AAACD6CC84AC1D5792C0332A136E1E84
Cerco messaggio: false_393460154120@c.us_AAACD6CC84AC1D5792C0332A136E1E84
Cerco messaggio: false_393460154120@c.us_AAACD6CC84AC1D5792C0332A136E1E84
Trovato, scarico i media
Cerco messaggio: false_393460154120@c.us_AAACD6CC84AC1D5792C0332A136E1E84
Cerco messaggio: false_393460154120@c.us_AAACD6CC84AC1D5792C0332A136E1E84
Processo chat: 393460154120@c.us
Recuperati: 7
Cerco messaggio: false_393460154120@c.us_A80121C1DBDEC9A69AB8E83B03211D27
Cerco messaggio: false_393460154120@c.us_A80121C1DBDEC9A69AB8E83B03211D27
Cerco messaggio: false_393460154120@c.us_A80121C1DBDEC9A69AB8E83B03211D27
Cerco messaggio: false_393460154120@c.us_A80121C1DBDEC9A69AB8E83B03211D27
Cerco messaggio: false_393460154120@c.us_A80121C1DBDEC9A69AB8E83B03211D27
Cerco messaggio: false_393460154120@c.us_A80121C1DBDEC9A69AB8E83B03211D27
Trovato, scarico i media
Cerco messaggio: false_393460154120@c.us_A80121C1DBDEC9A69AB8E83B03211D27
Scarico media per false_393348261327@c.us_8713B86FA7077B194EE11D7BC64EEB50
2/9/2022 11:6:25 Scaricato media per false_393348261327@c.us_8713B86FA7077B194EE11D7BC64EEB50
Preparo invio con ws http://localhost/bot_whatsapp/api/whatsapp_chats_api_v3/public/index.php/api/chats/messages/saveImageMessage
Inviati con successo!
Scarico media per false_393348261327@c.us_6F5434271A5E225419668E1BBFFEA486
2/9/2022 11:6:26 Scaricato media per false_393348261327@c.us_6F5434271A5E225419668E1BBFFEA486
Preparo invio con ws http://localhost/bot_whatsapp/api/whatsapp_chats_api_v3/public/index.php/api/chats/messages/saveImageMessage
Inviati con successo!
Scarico media per false_393348261327@c.us_BE7B24F9F333E7041E657B0C4B304968
2/9/2022 11:6:26 Scaricato media per false_393348261327@c.us_BE7B24F9F333E7041E657B0C4B304968
Preparo invio con ws http://localhost/bot_whatsapp/api/whatsapp_chats_api_v3/public/index.php/api/chats/messages/saveImageMessage
Inviati con successo!
Scarico media per false_393348261327@c.us_C83E743CFD8C36150CF1E99AD1E50A55
2/9/2022 11:6:26 Scaricato media per false_393348261327@c.us_C83E743CFD8C36150CF1E99AD1E50A55
Preparo invio con ws http://localhost/bot_whatsapp/api/whatsapp_chats_api_v3/public/index.php/api/chats/messages/saveImageMessage
Inviati con successo!
Scarico media per false_393348261327@c.us_78E64C281E0B83B5178714F548FF4044
2/9/2022 11:6:27 Scaricato media per false_393348261327@c.us_78E64C281E0B83B5178714F548FF4044
Preparo invio con ws http://localhost/bot_whatsapp/api/whatsapp_chats_api_v3/public/index.php/api/chats/messages/saveImageMessage
Inviati con successo!
Scarico media per false_393348261327@c.us_193C59BFBDA4DDFE2BAB8D4DAD6CD559
2/9/2022 11:6:27 Scaricato media per false_393348261327@c.us_193C59BFBDA4DDFE2BAB8D4DAD6CD559
Preparo invio con ws http://localhost/bot_whatsapp/api/whatsapp_chats_api_v3/public/index.php/api/chats/messages/saveImageMessage
Inviati con successo!
Scarico media per false_393348261327@c.us_F5FA8B8BEC18EF8B75C1FA7243D4D417
2/9/2022 11:6:27 Scaricato media per false_393348261327@c.us_F5FA8B8BEC18EF8B75C1FA7243D4D417
Preparo invio con ws http://localhost/bot_whatsapp/api/whatsapp_chats_api_v3/public/index.php/api/chats/messages/saveImageMessage
Inviati con successo!
Scarico media per false_393348261327@c.us_3AB26391BAABDC601594112DC500C566
2/9/2022 11:6:28 Scaricato media per false_393348261327@c.us_3AB26391BAABDC601594112DC500C566
Preparo invio con ws http://localhost/bot_whatsapp/api/whatsapp_chats_api_v3/public/index.php/api/chats/messages/saveImageMessage
Inviati con successo!
Scarico media per false_393348261327@c.us_227B6A8B4E642D29DACC0F603D0F3DCB
2/9/2022 11:6:29 Scaricato media per false_393348261327@c.us_227B6A8B4E642D29DACC0F603D0F3DCB
Preparo invio con ws http://localhost/bot_whatsapp/api/whatsapp_chats_api_v3/public/index.php/api/chats/messages/saveImageMessage
Inviati con successo!
Scarico media per false_393348261327@c.us_A4E051AB6798915D790EFD6DA664D61D
2/9/2022 11:6:29 Scaricato media per false_393348261327@c.us_A4E051AB6798915D790EFD6DA664D61D
Preparo invio con ws http://localhost/bot_whatsapp/api/whatsapp_chats_api_v3/public/index.php/api/chats/messages/saveImageMessage
Inviati con successo!
Scarico media per false_393348261327@c.us_BED76E7370A978259675E9F81D7105CA
2/9/2022 11:6:29 Scaricato media per false_393348261327@c.us_BED76E7370A978259675E9F81D7105CA
Preparo invio con ws http://localhost/bot_whatsapp/api/whatsapp_chats_api_v3/public/index.php/api/chats/messages/saveImageMessage
Inviati con successo!
Scarico media per false_393348261327@c.us_998215C769E76BF833E2263B470A87E7
2/9/2022 11:6:29 Scaricato media per false_393348261327@c.us_998215C769E76BF833E2263B470A87E7
Preparo invio con ws http://localhost/bot_whatsapp/api/whatsapp_chats_api_v3/public/index.php/api/chats/messages/saveImageMessage
Inviati con successo!
Scarico media per false_393348261327@c.us_03E7C129C7D085F4481C30CF9B0BC1FE
2/9/2022 11:6:30 Scaricato media per false_393348261327@c.us_03E7C129C7D085F4481C30CF9B0BC1FE
Preparo invio con ws http://localhost/bot_whatsapp/api/whatsapp_chats_api_v3/public/index.php/api/chats/messages/saveImageMessage
Inviati con successo!
Scarico media per false_393348261327@c.us_16C4278A3CACA3FFD212FD85834BFDD9
2/9/2022 11:6:30 Scaricato media per false_393348261327@c.us_16C4278A3CACA3FFD212FD85834BFDD9
Preparo invio con ws http://localhost/bot_whatsapp/api/whatsapp_chats_api_v3/public/index.php/api/chats/messages/saveImageMessage
Inviati con successo!
Scarico media per true_393348261327@c.us_69B3E63B50AA53792165702FA321473E
2/9/2022 11:6:30 Scaricato media per true_393348261327@c.us_69B3E63B50AA53792165702FA321473E
Preparo invio con ws http://localhost/bot_whatsapp/api/whatsapp_chats_api_v3/public/index.php/api/chats/messages/saveImageMessage
Inviati con successo!
Scarico media per true_393348261327@c.us_A84905B65DC644274DD21396D5D6D1D2
2/9/2022 11:6:31 Scaricato media per true_393348261327@c.us_A84905B65DC644274DD21396D5D6D1D2
Preparo invio con ws http://localhost/bot_whatsapp/api/whatsapp_chats_api_v3/public/index.php/api/chats/messages/saveImageMessage
Inviati con successo!
Scarico media per false_393661438930@c.us_3A165C5EA2B81085BE8E
2/9/2022 11:6:31 Scaricato media per false_393661438930@c.us_3A165C5EA2B81085BE8E
Preparo invio con ws http://localhost/bot_whatsapp/api/whatsapp_chats_api_v3/public/index.php/api/chats/messages/saveImageMessage
Inviati con successo!
Scarico media per false_393661438930@c.us_3A66D20DA3ECBBE943CF
2/9/2022 11:6:33 Scaricato media per false_393661438930@c.us_3A66D20DA3ECBBE943CF
Preparo invio con ws http://localhost/bot_whatsapp/api/whatsapp_chats_api_v3/public/index.php/api/chats/messages/saveImageMessage
Inviati con successo!
Scarico media per false_393208644763@c.us_3AC8CF9C7110DE561AE5
2/9/2022 11:6:35 Scaricato media per false_393208644763@c.us_3AC8CF9C7110DE561AE5
Preparo invio con ws http://localhost/bot_whatsapp/api/whatsapp_chats_api_v3/public/index.php/api/chats/messages/saveImageMessage
Inviati con successo!
Scarico media per false_393208644763@c.us_3A5DBE35D5F82B74A244
2/9/2022 11:6:36 Scaricato media per false_393208644763@c.us_3A5DBE35D5F82B74A244
Preparo invio con ws http://localhost/bot_whatsapp/api/whatsapp_chats_api_v3/public/index.php/api/chats/messages/saveImageMessage
Inviati con successo!
Scarico media per false_393471972824@c.us_443F6D94943C74B933B19AD64505240F
2/9/2022 11:6:36 Scaricato media per false_393471972824@c.us_443F6D94943C74B933B19AD64505240F
Preparo invio con ws http://localhost/bot_whatsapp/api/whatsapp_chats_api_v3/public/index.php/api/chats/messages/saveImageMessage
Inviati con successo!
Scarico media per false_393471972824@c.us_E8F6B998F3D9314894AA15CBC2BFDA99
2/9/2022 11:6:37 Scaricato media per false_393471972824@c.us_E8F6B998F3D9314894AA15CBC2BFDA99
Preparo invio con ws http://localhost/bot_whatsapp/api/whatsapp_chats_api_v3/public/index.php/api/chats/messages/saveImageMessage
Inviati con successo!
Scarico media per true_393287871427@c.us_E31469F1C0C9F0203B3795F8A6D4A3CA
2/9/2022 11:6:37 Scaricato media per true_393287871427@c.us_E31469F1C0C9F0203B3795F8A6D4A3CA
Preparo invio con ws http://localhost/bot_whatsapp/api/whatsapp_chats_api_v3/public/index.php/api/chats/messages/saveImageMessage
Inviati con successo!
Scarico media per true_393287871427@c.us_3C2ADC76635E866FC960D216B8B9068A
2/9/2022 11:6:37 Scaricato media per true_393287871427@c.us_3C2ADC76635E866FC960D216B8B9068A
Preparo invio con ws http://localhost/bot_whatsapp/api/whatsapp_chats_api_v3/public/index.php/api/chats/messages/saveImageMessage
Inviati con successo!
Scarico media per true_393287871427@c.us_00D917EDE7E8363A1D67EA3FA834FD65
2/9/2022 11:6:38 Scaricato media per true_393287871427@c.us_00D917EDE7E8363A1D67EA3FA834FD65
Preparo invio con ws http://localhost/bot_whatsapp/api/whatsapp_chats_api_v3/public/index.php/api/chats/messages/saveImageMessage
Inviati con successo!
Scarico media per true_393460154120@c.us_3EB0E22C028ECC90BD3A
2/9/2022 11:6:38 Scaricato media per true_393460154120@c.us_3EB0E22C028ECC90BD3A
Preparo invio con ws http://localhost/bot_whatsapp/api/whatsapp_chats_api_v3/public/index.php/api/chats/messages/saveImageMessage
Inviati con successo!
Scarico media per false_393460154120@c.us_AAACD6CC84AC1D5792C0332A136E1E84
2/9/2022 11:6:38 Scaricato media per false_393460154120@c.us_AAACD6CC84AC1D5792C0332A136E1E84
Preparo invio con ws http://localhost/bot_whatsapp/api/whatsapp_chats_api_v3/public/index.php/api/chats/messages/saveImageMessage
Inviati con successo!
Scarico media per false_393460154120@c.us_A80121C1DBDEC9A69AB8E83B03211D27
2/9/2022 11:6:38 Scaricato media per false_393460154120@c.us_A80121C1DBDEC9A69AB8E83B03211D27
Preparo invio con ws http://localhost/bot_whatsapp/api/whatsapp_chats_api_v3/public/index.php/api/chats/messages/saveImageMessage
Inviati con successo!
Salvataggio messaggio: Media scaricato
Salvataggio messaggio: Media scaricato
Salvataggio messaggio: Inviati con successo!
Salvataggio messaggio: Inviati con successo!
Salvataggio messaggio: Media scaricato
Salvataggio messaggio: Media scaricato
Salvataggio messaggio: Media scaricato
Salvataggio messaggio: Media scaricato
Salvataggio messaggio: Media scaricato
Salvataggio messaggio: Media scaricato
Salvataggio messaggio: Media scaricato
Salvataggio messaggio: Media scaricato
Salvataggio messaggio: Media scaricato
Salvataggio messaggio: Media scaricato
Salvataggio messaggio: Media scaricato
Salvataggio messaggio: Media scaricato
Salvataggio messaggio: Media scaricato
Salvataggio messaggio: Media scaricato
Salvataggio messaggio: Media scaricato
Salvataggio messaggio: Media scaricato
Salvataggio messaggio: Media scaricato
Salvataggio messaggio: Media scaricato
Salvataggio messaggio: Inviati con successo!
Salvataggio messaggio: Inviati con successo!
Salvataggio messaggio: Inviati con successo!
Salvataggio messaggio: Inviati con successo!
Salvataggio messaggio: Inviati con successo!
Salvataggio messaggio: Inviati con successo!
Salvataggio messaggio: Inviati con successo!
Salvataggio messaggio: Inviati con successo!
Salvataggio messaggio: Media scaricato
Salvataggio messaggio: Media scaricato
Salvataggio messaggio: Media scaricato
Controllo chats
Salvataggio messaggio: Media scaricato
Salvataggio messaggio: Media scaricato
Salvataggio messaggio: Media scaricato
Salvataggio messaggio: Media scaricato
Salvataggio messaggio: Media scaricato
Salvataggio messaggio: Media scaricato
